{"/Users/dhruvparmar/code/g2i/trivia/source/actions/activeQuiz.js": {"path":"/Users/dhruvparmar/code/g2i/trivia/source/actions/activeQuiz.js","statementMap":{"0":{"start":{"line":1,"column":25},"end":{"line":5,"column":2}},"1":{"start":{"line":1,"column":47},"end":{"line":5,"column":1}},"2":{"start":{"line":7,"column":23},"end":{"line":11,"column":2}},"3":{"start":{"line":7,"column":43},"end":{"line":11,"column":1}},"4":{"start":{"line":13,"column":28},"end":{"line":18,"column":2}},"5":{"start":{"line":13,"column":61},"end":{"line":18,"column":1}}},"fnMap":{"0":{"name":"(anonymous_0)","decl":{"start":{"line":1,"column":25},"end":{"line":1,"column":26}},"loc":{"start":{"line":1,"column":47},"end":{"line":5,"column":1}},"line":1},"1":{"name":"(anonymous_1)","decl":{"start":{"line":7,"column":23},"end":{"line":7,"column":24}},"loc":{"start":{"line":7,"column":43},"end":{"line":11,"column":1}},"line":7},"2":{"name":"(anonymous_2)","decl":{"start":{"line":13,"column":28},"end":{"line":13,"column":29}},"loc":{"start":{"line":13,"column":61},"end":{"line":18,"column":1}},"line":13}},"branchMap":{},"s":{"0":5,"1":9,"2":5,"3":10,"4":5,"5":9},"f":{"0":9,"1":10,"2":9},"b":{},"_coverageSchema":"332fd63041d2c1bcb487cc26dd0d5f7d97098a6c","hash":"45911352bf9f23cf5f68560b5e10a476d0b7bf9f"}
,"/Users/dhruvparmar/code/g2i/trivia/source/actions/quizBank.js": {"path":"/Users/dhruvparmar/code/g2i/trivia/source/actions/quizBank.js","statementMap":{"0":{"start":{"line":3,"column":25},"end":{"line":3,"column":56}},"1":{"start":{"line":4,"column":23},"end":{"line":7,"column":2}},"2":{"start":{"line":4,"column":32},"end":{"line":7,"column":1}},"3":{"start":{"line":9,"column":28},"end":{"line":12,"column":2}},"4":{"start":{"line":9,"column":42},"end":{"line":12,"column":1}}},"fnMap":{"0":{"name":"(anonymous_0)","decl":{"start":{"line":4,"column":23},"end":{"line":4,"column":24}},"loc":{"start":{"line":4,"column":32},"end":{"line":7,"column":1}},"line":4},"1":{"name":"(anonymous_1)","decl":{"start":{"line":9,"column":28},"end":{"line":9,"column":29}},"loc":{"start":{"line":9,"column":42},"end":{"line":12,"column":1}},"line":9}},"branchMap":{},"s":{"0":2,"1":2,"2":6,"3":2,"4":1},"f":{"0":6,"1":1},"b":{},"_coverageSchema":"332fd63041d2c1bcb487cc26dd0d5f7d97098a6c","hash":"1bb1663d697dcaba1810224caf4834194a34b911"}
,"/Users/dhruvparmar/code/g2i/trivia/source/components/icons/index.js": {"path":"/Users/dhruvparmar/code/g2i/trivia/source/components/icons/index.js","statementMap":{"0":{"start":{"line":6,"column":24},"end":{"line":11,"column":3}},"1":{"start":{"line":7,"column":2},"end":{"line":11,"column":3}},"2":{"start":{"line":13,"column":27},"end":{"line":18,"column":3}},"3":{"start":{"line":14,"column":2},"end":{"line":18,"column":3}},"4":{"start":{"line":20,"column":25},"end":{"line":25,"column":3}},"5":{"start":{"line":21,"column":2},"end":{"line":25,"column":3}}},"fnMap":{"0":{"name":"(anonymous_0)","decl":{"start":{"line":6,"column":24},"end":{"line":6,"column":25}},"loc":{"start":{"line":7,"column":2},"end":{"line":11,"column":3}},"line":7},"1":{"name":"(anonymous_1)","decl":{"start":{"line":13,"column":27},"end":{"line":13,"column":28}},"loc":{"start":{"line":14,"column":2},"end":{"line":18,"column":3}},"line":14},"2":{"name":"(anonymous_2)","decl":{"start":{"line":20,"column":25},"end":{"line":20,"column":26}},"loc":{"start":{"line":21,"column":2},"end":{"line":25,"column":3}},"line":21}},"branchMap":{"0":{"loc":{"start":{"line":7,"column":2},"end":{"line":11,"column":3}},"type":"cond-expr","locations":[{"start":{"line":8,"column":4},"end":{"line":8,"column":51}},{"start":{"line":10,"column":4},"end":{"line":10,"column":51}}],"line":7},"1":{"loc":{"start":{"line":14,"column":2},"end":{"line":18,"column":3}},"type":"cond-expr","locations":[{"start":{"line":15,"column":4},"end":{"line":15,"column":57}},{"start":{"line":17,"column":4},"end":{"line":17,"column":53}}],"line":14},"2":{"loc":{"start":{"line":21,"column":2},"end":{"line":25,"column":3}},"type":"cond-expr","locations":[{"start":{"line":22,"column":4},"end":{"line":22,"column":53}},{"start":{"line":24,"column":4},"end":{"line":24,"column":47}}],"line":21}},"s":{"0":1,"1":2,"2":1,"3":2,"4":1,"5":2},"f":{"0":2,"1":2,"2":2},"b":{"0":[0,2],"1":[0,2],"2":[0,2]},"_coverageSchema":"332fd63041d2c1bcb487cc26dd0d5f7d97098a6c","hash":"aeb938cef5f017bff1d641c6197bd8c8204acfc2"}
,"/Users/dhruvparmar/code/g2i/trivia/source/components/question/index.js": {"path":"/Users/dhruvparmar/code/g2i/trivia/source/components/question/index.js","statementMap":{"0":{"start":{"line":9,"column":17},"end":{"line":9,"column":31}},"1":{"start":{"line":13,"column":4},"end":{"line":13,"column":43}},"2":{"start":{"line":25,"column":8},"end":{"line":25,"column":18}},"3":{"start":{"line":26,"column":20},"end":{"line":26,"column":58}},"4":{"start":{"line":27,"column":27},"end":{"line":27,"column":76}},"5":{"start":{"line":29,"column":4},"end":{"line":47,"column":6}},"6":{"start":{"line":38,"column":10},"end":{"line":44,"column":29}},"7":{"start":{"line":40,"column":27},"end":{"line":40,"column":52}},"8":{"start":{"line":51,"column":15},"end":{"line":78,"column":2}}},"fnMap":{"0":{"name":"(anonymous_0)","decl":{"start":{"line":12,"column":17},"end":{"line":12,"column":18}},"loc":{"start":{"line":12,"column":27},"end":{"line":14,"column":3}},"line":12},"1":{"name":"(anonymous_1)","decl":{"start":{"line":16,"column":2},"end":{"line":16,"column":3}},"loc":{"start":{"line":16,"column":11},"end":{"line":48,"column":3}},"line":16},"2":{"name":"(anonymous_2)","decl":{"start":{"line":37,"column":21},"end":{"line":37,"column":22}},"loc":{"start":{"line":38,"column":10},"end":{"line":44,"column":29}},"line":38},"3":{"name":"(anonymous_3)","decl":{"start":{"line":40,"column":21},"end":{"line":40,"column":22}},"loc":{"start":{"line":40,"column":27},"end":{"line":40,"column":52}},"line":40}},"branchMap":{"0":{"loc":{"start":{"line":27,"column":27},"end":{"line":27,"column":76}},"type":"cond-expr","locations":[{"start":{"line":27,"column":49},"end":{"line":27,"column":56}},{"start":{"line":27,"column":59},"end":{"line":27,"column":76}}],"line":27}},"s":{"0":1,"1":0,"2":1,"3":1,"4":1,"5":1,"6":2,"7":0,"8":1},"f":{"0":0,"1":1,"2":2,"3":0},"b":{"0":[1,0]},"_coverageSchema":"332fd63041d2c1bcb487cc26dd0d5f7d97098a6c","hash":"0dac5681fe8e3456bc500d79ea5a02873a9885b3"}
,"/Users/dhruvparmar/code/g2i/trivia/source/components/text/index.js": {"path":"/Users/dhruvparmar/code/g2i/trivia/source/components/text/index.js","statementMap":{"0":{"start":{"line":4,"column":13},"end":{"line":8,"column":1}},"1":{"start":{"line":5,"column":2},"end":{"line":7,"column":11}},"2":{"start":{"line":10,"column":0},"end":{"line":10,"column":34}},"3":{"start":{"line":12,"column":15},"end":{"line":17,"column":2}}},"fnMap":{"0":{"name":"(anonymous_0)","decl":{"start":{"line":4,"column":13},"end":{"line":4,"column":14}},"loc":{"start":{"line":5,"column":2},"end":{"line":7,"column":11}},"line":5}},"branchMap":{},"s":{"0":1,"1":4,"2":1,"3":1},"f":{"0":4},"b":{},"_coverageSchema":"332fd63041d2c1bcb487cc26dd0d5f7d97098a6c","hash":"9370240735da9d86ab1e64738218d7c947d850b0"}
,"/Users/dhruvparmar/code/g2i/trivia/source/constants/colors.js": {"path":"/Users/dhruvparmar/code/g2i/trivia/source/constants/colors.js","statementMap":{"0":{"start":{"line":1,"column":20},"end":{"line":1,"column":29}},"1":{"start":{"line":2,"column":25},"end":{"line":2,"column":34}},"2":{"start":{"line":3,"column":26},"end":{"line":3,"column":35}},"3":{"start":{"line":4,"column":20},"end":{"line":4,"column":29}}},"fnMap":{},"branchMap":{},"s":{"0":1,"1":1,"2":1,"3":1},"f":{},"b":{},"_coverageSchema":"332fd63041d2c1bcb487cc26dd0d5f7d97098a6c","hash":"21fdfd0615cb36049a62b95dc4c455d9eea243f1"}
,"/Users/dhruvparmar/code/g2i/trivia/source/reducers/activeQuiz.js": {"path":"/Users/dhruvparmar/code/g2i/trivia/source/reducers/activeQuiz.js","statementMap":{"0":{"start":{"line":7,"column":28},"end":{"line":7,"column":32}},"1":{"start":{"line":10,"column":2},"end":{"line":38,"column":3}},"2":{"start":{"line":12,"column":6},"end":{"line":15,"column":8}},"3":{"start":{"line":18,"column":6},"end":{"line":18,"column":26}},"4":{"start":{"line":21,"column":45},"end":{"line":21,"column":51}},"5":{"start":{"line":22,"column":6},"end":{"line":34,"column":16}},"6":{"start":{"line":26,"column":14},"end":{"line":31,"column":27}},"7":{"start":{"line":37,"column":6},"end":{"line":37,"column":19}}},"fnMap":{"0":{"name":"(anonymous_0)","decl":{"start":{"line":9,"column":15},"end":{"line":9,"column":16}},"loc":{"start":{"line":9,"column":54},"end":{"line":39,"column":1}},"line":9},"1":{"name":"(anonymous_1)","decl":{"start":{"line":25,"column":43},"end":{"line":25,"column":44}},"loc":{"start":{"line":25,"column":55},"end":{"line":32,"column":13}},"line":25}},"branchMap":{"0":{"loc":{"start":{"line":9,"column":24},"end":{"line":9,"column":44}},"type":"default-arg","locations":[{"start":{"line":9,"column":32},"end":{"line":9,"column":44}}],"line":9},"1":{"loc":{"start":{"line":10,"column":2},"end":{"line":38,"column":3}},"type":"switch","locations":[{"start":{"line":11,"column":4},"end":{"line":15,"column":8}},{"start":{"line":17,"column":4},"end":{"line":18,"column":26}},{"start":{"line":20,"column":4},"end":{"line":34,"column":16}},{"start":{"line":36,"column":4},"end":{"line":37,"column":19}}],"line":10},"2":{"loc":{"start":{"line":22,"column":13},"end":{"line":34,"column":15}},"type":"cond-expr","locations":[{"start":{"line":23,"column":10},"end":{"line":33,"column":11}},{"start":{"line":34,"column":10},"end":{"line":34,"column":15}}],"line":22},"3":{"loc":{"start":{"line":22,"column":13},"end":{"line":22,"column":58}},"type":"binary-expr","locations":[{"start":{"line":22,"column":13},"end":{"line":22,"column":18}},{"start":{"line":22,"column":22},"end":{"line":22,"column":48}},{"start":{"line":22,"column":52},"end":{"line":22,"column":58}}],"line":22},"4":{"loc":{"start":{"line":26,"column":21},"end":{"line":31,"column":26}},"type":"cond-expr","locations":[{"start":{"line":27,"column":18},"end":{"line":30,"column":19}},{"start":{"line":31,"column":18},"end":{"line":31,"column":26}}],"line":26}},"s":{"0":1,"1":5,"2":1,"3":1,"4":3,"5":3,"6":2,"7":0},"f":{"0":5,"1":2},"b":{"0":[0],"1":[1,1,3,0],"2":[2,1],"3":[3,3,2],"4":[1,1]},"_coverageSchema":"332fd63041d2c1bcb487cc26dd0d5f7d97098a6c","hash":"b5b25b4e8f232d3e26aaa1342bedba50f4401d40"}
,"/Users/dhruvparmar/code/g2i/trivia/source/reducers/history.js": {"path":"/Users/dhruvparmar/code/g2i/trivia/source/reducers/history.js","statementMap":{"0":{"start":{"line":5,"column":28},"end":{"line":7,"column":1}},"1":{"start":{"line":10,"column":2},"end":{"line":24,"column":3}},"2":{"start":{"line":12,"column":6},"end":{"line":20,"column":16}},"3":{"start":{"line":23,"column":6},"end":{"line":23,"column":19}}},"fnMap":{"0":{"name":"(anonymous_0)","decl":{"start":{"line":9,"column":15},"end":{"line":9,"column":16}},"loc":{"start":{"line":9,"column":54},"end":{"line":25,"column":1}},"line":9}},"branchMap":{"0":{"loc":{"start":{"line":9,"column":24},"end":{"line":9,"column":44}},"type":"default-arg","locations":[{"start":{"line":9,"column":32},"end":{"line":9,"column":44}}],"line":9},"1":{"loc":{"start":{"line":10,"column":2},"end":{"line":24,"column":3}},"type":"switch","locations":[{"start":{"line":11,"column":4},"end":{"line":20,"column":16}},{"start":{"line":22,"column":4},"end":{"line":23,"column":19}}],"line":10},"2":{"loc":{"start":{"line":12,"column":13},"end":{"line":20,"column":15}},"type":"cond-expr","locations":[{"start":{"line":13,"column":10},"end":{"line":19,"column":11}},{"start":{"line":20,"column":10},"end":{"line":20,"column":15}}],"line":12},"3":{"loc":{"start":{"line":12,"column":13},"end":{"line":12,"column":55}},"type":"binary-expr","locations":[{"start":{"line":12,"column":13},"end":{"line":12,"column":24}},{"start":{"line":12,"column":28},"end":{"line":12,"column":55}}],"line":12}},"s":{"0":1,"1":2,"2":2,"3":0},"f":{"0":2},"b":{"0":[0],"1":[2,0],"2":[1,1],"3":[2,2]},"_coverageSchema":"332fd63041d2c1bcb487cc26dd0d5f7d97098a6c","hash":"6124cc48b266cf8cbfd1d2aa7027133fa51984da"}
,"/Users/dhruvparmar/code/g2i/trivia/source/reducers/onboarding.js": {"path":"/Users/dhruvparmar/code/g2i/trivia/source/reducers/onboarding.js","statementMap":{"0":{"start":{"line":3,"column":28},"end":{"line":5,"column":1}},"1":{"start":{"line":8,"column":2},"end":{"line":16,"column":3}},"2":{"start":{"line":10,"column":6},"end":{"line":13,"column":8}},"3":{"start":{"line":15,"column":6},"end":{"line":15,"column":19}}},"fnMap":{"0":{"name":"(anonymous_0)","decl":{"start":{"line":7,"column":15},"end":{"line":7,"column":16}},"loc":{"start":{"line":7,"column":54},"end":{"line":17,"column":1}},"line":7}},"branchMap":{"0":{"loc":{"start":{"line":7,"column":24},"end":{"line":7,"column":44}},"type":"default-arg","locations":[{"start":{"line":7,"column":32},"end":{"line":7,"column":44}}],"line":7},"1":{"loc":{"start":{"line":8,"column":2},"end":{"line":16,"column":3}},"type":"switch","locations":[{"start":{"line":9,"column":4},"end":{"line":13,"column":8}},{"start":{"line":14,"column":4},"end":{"line":15,"column":19}}],"line":8}},"s":{"0":1,"1":1,"2":1,"3":0},"f":{"0":1},"b":{"0":[0],"1":[1,0]},"_coverageSchema":"332fd63041d2c1bcb487cc26dd0d5f7d97098a6c","hash":"143e4af4fe54212d5b74edd83d41ae27b30d0aa1"}
,"/Users/dhruvparmar/code/g2i/trivia/source/reducers/quizBank.js": {"path":"/Users/dhruvparmar/code/g2i/trivia/source/reducers/quizBank.js","statementMap":{"0":{"start":{"line":8,"column":28},"end":{"line":11,"column":1}},"1":{"start":{"line":14,"column":2},"end":{"line":43,"column":3}},"2":{"start":{"line":16,"column":6},"end":{"line":19,"column":8}},"3":{"start":{"line":22,"column":6},"end":{"line":25,"column":8}},"4":{"start":{"line":28,"column":6},"end":{"line":31,"column":8}},"5":{"start":{"line":34,"column":6},"end":{"line":39,"column":16}},"6":{"start":{"line":37,"column":44},"end":{"line":37,"column":70}},"7":{"start":{"line":42,"column":6},"end":{"line":42,"column":19}}},"fnMap":{"0":{"name":"(anonymous_0)","decl":{"start":{"line":13,"column":15},"end":{"line":13,"column":16}},"loc":{"start":{"line":13,"column":54},"end":{"line":44,"column":1}},"line":13},"1":{"name":"(anonymous_1)","decl":{"start":{"line":37,"column":36},"end":{"line":37,"column":37}},"loc":{"start":{"line":37,"column":44},"end":{"line":37,"column":70}},"line":37}},"branchMap":{"0":{"loc":{"start":{"line":13,"column":24},"end":{"line":13,"column":44}},"type":"default-arg","locations":[{"start":{"line":13,"column":32},"end":{"line":13,"column":44}}],"line":13},"1":{"loc":{"start":{"line":14,"column":2},"end":{"line":43,"column":3}},"type":"switch","locations":[{"start":{"line":15,"column":4},"end":{"line":19,"column":8}},{"start":{"line":21,"column":4},"end":{"line":25,"column":8}},{"start":{"line":27,"column":4},"end":{"line":31,"column":8}},{"start":{"line":33,"column":4},"end":{"line":39,"column":16}},{"start":{"line":41,"column":4},"end":{"line":42,"column":19}}],"line":14},"2":{"loc":{"start":{"line":34,"column":13},"end":{"line":39,"column":15}},"type":"cond-expr","locations":[{"start":{"line":35,"column":10},"end":{"line":38,"column":11}},{"start":{"line":39,"column":10},"end":{"line":39,"column":15}}],"line":34}},"s":{"0":1,"1":5,"2":1,"3":1,"4":2,"5":1,"6":1,"7":0},"f":{"0":5,"1":1},"b":{"0":[0],"1":[1,1,2,1,0],"2":[1,0]},"_coverageSchema":"332fd63041d2c1bcb487cc26dd0d5f7d97098a6c","hash":"283319a10be5369151fa1ead8625a1a596ccbf38"}
,"/Users/dhruvparmar/code/g2i/trivia/source/utils/quiz.js": {"path":"/Users/dhruvparmar/code/g2i/trivia/source/utils/quiz.js","statementMap":{"0":{"start":{"line":2,"column":2},"end":{"line":7,"column":12}},"1":{"start":{"line":4,"column":34},"end":{"line":4,"column":65}},"2":{"start":{"line":11,"column":2},"end":{"line":16,"column":11}},"3":{"start":{"line":13,"column":29},"end":{"line":13,"column":73}},"4":{"start":{"line":20,"column":20},"end":{"line":20,"column":26}},"5":{"start":{"line":21,"column":29},"end":{"line":21,"column":37}},"6":{"start":{"line":22,"column":2},"end":{"line":24,"column":3}},"7":{"start":{"line":23,"column":4},"end":{"line":23,"column":17}},"8":{"start":{"line":26,"column":2},"end":{"line":31,"column":3}},"9":{"start":{"line":28,"column":6},"end":{"line":28,"column":38}},"10":{"start":{"line":30,"column":6},"end":{"line":30,"column":38}},"11":{"start":{"line":35,"column":2},"end":{"line":37,"column":3}},"12":{"start":{"line":36,"column":4},"end":{"line":36,"column":14}},"13":{"start":{"line":39,"column":16},"end":{"line":39,"column":37}},"14":{"start":{"line":40,"column":18},"end":{"line":44,"column":3}},"15":{"start":{"line":42,"column":6},"end":{"line":42,"column":66}},"16":{"start":{"line":46,"column":2},"end":{"line":49,"column":4}},"17":{"start":{"line":53,"column":2},"end":{"line":53,"column":43}}},"fnMap":{"0":{"name":"isQuizComplete","decl":{"start":{"line":1,"column":16},"end":{"line":1,"column":30}},"loc":{"start":{"line":1,"column":37},"end":{"line":8,"column":1}},"line":1},"1":{"name":"(anonymous_1)","decl":{"start":{"line":4,"column":8},"end":{"line":4,"column":9}},"loc":{"start":{"line":4,"column":34},"end":{"line":4,"column":65}},"line":4},"2":{"name":"getFirstUnansweredQuestion","decl":{"start":{"line":10,"column":16},"end":{"line":10,"column":42}},"loc":{"start":{"line":10,"column":49},"end":{"line":17,"column":1}},"line":10},"3":{"name":"(anonymous_3)","decl":{"start":{"line":13,"column":8},"end":{"line":13,"column":9}},"loc":{"start":{"line":13,"column":29},"end":{"line":13,"column":73}},"line":13},"4":{"name":"isAnswerCorrect","decl":{"start":{"line":19,"column":16},"end":{"line":19,"column":31}},"loc":{"start":{"line":19,"column":60},"end":{"line":32,"column":1}},"line":19},"5":{"name":"getQuizScore","decl":{"start":{"line":34,"column":16},"end":{"line":34,"column":28}},"loc":{"start":{"line":34,"column":35},"end":{"line":50,"column":1}},"line":34},"6":{"name":"(anonymous_6)","decl":{"start":{"line":41,"column":4},"end":{"line":41,"column":5}},"loc":{"start":{"line":42,"column":6},"end":{"line":42,"column":66}},"line":42},"7":{"name":"formatQuizScore","decl":{"start":{"line":52,"column":16},"end":{"line":52,"column":31}},"loc":{"start":{"line":52,"column":39},"end":{"line":54,"column":1}},"line":52}},"branchMap":{"0":{"loc":{"start":{"line":2,"column":9},"end":{"line":7,"column":11}},"type":"cond-expr","locations":[{"start":{"line":3,"column":6},"end":{"line":6,"column":7}},{"start":{"line":7,"column":6},"end":{"line":7,"column":11}}],"line":2},"1":{"loc":{"start":{"line":4,"column":34},"end":{"line":4,"column":65}},"type":"binary-expr","locations":[{"start":{"line":4,"column":34},"end":{"line":4,"column":44}},{"start":{"line":4,"column":48},"end":{"line":4,"column":65}}],"line":4},"2":{"loc":{"start":{"line":11,"column":9},"end":{"line":16,"column":10}},"type":"cond-expr","locations":[{"start":{"line":12,"column":6},"end":{"line":15,"column":7}},{"start":{"line":16,"column":6},"end":{"line":16,"column":10}}],"line":11},"3":{"loc":{"start":{"line":13,"column":29},"end":{"line":13,"column":73}},"type":"binary-expr","locations":[{"start":{"line":13,"column":29},"end":{"line":13,"column":34}},{"start":{"line":13,"column":39},"end":{"line":13,"column":72}}],"line":13},"4":{"loc":{"start":{"line":13,"column":39},"end":{"line":13,"column":72}},"type":"cond-expr","locations":[{"start":{"line":13,"column":57},"end":{"line":13,"column":61}},{"start":{"line":13,"column":64},"end":{"line":13,"column":72}}],"line":13},"5":{"loc":{"start":{"line":19,"column":32},"end":{"line":19,"column":45}},"type":"default-arg","locations":[{"start":{"line":19,"column":43},"end":{"line":19,"column":45}}],"line":19},"6":{"loc":{"start":{"line":19,"column":47},"end":{"line":19,"column":58}},"type":"default-arg","locations":[{"start":{"line":19,"column":56},"end":{"line":19,"column":58}}],"line":19},"7":{"loc":{"start":{"line":22,"column":2},"end":{"line":24,"column":3}},"type":"if","locations":[{"start":{"line":22,"column":2},"end":{"line":24,"column":3}},{"start":{"line":22,"column":2},"end":{"line":24,"column":3}}],"line":22},"8":{"loc":{"start":{"line":22,"column":6},"end":{"line":22,"column":31}},"type":"binary-expr","locations":[{"start":{"line":22,"column":6},"end":{"line":22,"column":12}},{"start":{"line":22,"column":16},"end":{"line":22,"column":31}}],"line":22},"9":{"loc":{"start":{"line":26,"column":2},"end":{"line":31,"column":3}},"type":"switch","locations":[{"start":{"line":27,"column":4},"end":{"line":28,"column":38}},{"start":{"line":29,"column":4},"end":{"line":30,"column":38}}],"line":26},"10":{"loc":{"start":{"line":35,"column":2},"end":{"line":37,"column":3}},"type":"if","locations":[{"start":{"line":35,"column":2},"end":{"line":37,"column":3}},{"start":{"line":35,"column":2},"end":{"line":37,"column":3}}],"line":35},"11":{"loc":{"start":{"line":42,"column":15},"end":{"line":42,"column":65}},"type":"cond-expr","locations":[{"start":{"line":42,"column":60},"end":{"line":42,"column":61}},{"start":{"line":42,"column":64},"end":{"line":42,"column":65}}],"line":42}},"s":{"0":2,"1":2,"2":0,"3":0,"4":0,"5":0,"6":0,"7":0,"8":0,"9":0,"10":0,"11":0,"12":0,"13":0,"14":0,"15":0,"16":0,"17":0},"f":{"0":2,"1":2,"2":0,"3":0,"4":0,"5":0,"6":0,"7":0},"b":{"0":[2,0],"1":[2,2],"2":[0,0],"3":[0,0],"4":[0,0],"5":[0],"6":[0],"7":[0,0],"8":[0,0],"9":[0,0],"10":[0,0],"11":[0,0]},"_coverageSchema":"332fd63041d2c1bcb487cc26dd0d5f7d97098a6c","hash":"ffdb3862bbbafd8c69871158841514969e7937ca"}
}
