TN:
SF:/Users/dhruvparmar/code/g2i/trivia/source/actions/activeQuiz.js
FN:1,(anonymous_0)
FN:7,(anonymous_1)
FN:13,(anonymous_2)
FNF:3
FNH:3
FNDA:9,(anonymous_0)
FNDA:10,(anonymous_1)
FNDA:9,(anonymous_2)
DA:1,9
DA:7,10
DA:13,9
LF:3
LH:3
BRF:0
BRH:0
end_of_record
TN:
SF:/Users/dhruvparmar/code/g2i/trivia/source/actions/quizBank.js
FN:4,(anonymous_0)
FN:9,(anonymous_1)
FNF:2
FNH:2
FNDA:6,(anonymous_0)
FNDA:1,(anonymous_1)
DA:3,2
DA:4,6
DA:9,2
LF:3
LH:3
BRF:0
BRH:0
end_of_record
TN:
SF:/Users/dhruvparmar/code/g2i/trivia/source/components/icons/index.js
FN:6,(anonymous_0)
FN:13,(anonymous_1)
FN:20,(anonymous_2)
FNF:3
FNH:3
FNDA:2,(anonymous_0)
FNDA:2,(anonymous_1)
FNDA:2,(anonymous_2)
DA:6,1
DA:7,2
DA:13,1
DA:14,2
DA:20,1
DA:21,2
LF:6
LH:6
BRDA:7,0,0,0
BRDA:7,0,1,2
BRDA:14,1,0,0
BRDA:14,1,1,2
BRDA:21,2,0,0
BRDA:21,2,1,2
BRF:6
BRH:3
end_of_record
TN:
SF:/Users/dhruvparmar/code/g2i/trivia/source/components/question/index.js
FN:12,(anonymous_0)
FN:16,(anonymous_1)
FN:37,(anonymous_2)
FN:40,(anonymous_3)
FNF:4
FNH:2
FNDA:0,(anonymous_0)
FNDA:1,(anonymous_1)
FNDA:2,(anonymous_2)
FNDA:0,(anonymous_3)
DA:9,1
DA:13,0
DA:25,1
DA:26,1
DA:27,1
DA:29,1
DA:38,2
DA:40,0
DA:51,1
LF:9
LH:7
BRDA:27,0,0,1
BRDA:27,0,1,0
BRF:2
BRH:1
end_of_record
TN:
SF:/Users/dhruvparmar/code/g2i/trivia/source/components/text/index.js
FN:4,(anonymous_0)
FNF:1
FNH:1
FNDA:4,(anonymous_0)
DA:4,1
DA:5,4
DA:10,1
DA:12,1
LF:4
LH:4
BRF:0
BRH:0
end_of_record
TN:
SF:/Users/dhruvparmar/code/g2i/trivia/source/constants/colors.js
FNF:0
FNH:0
DA:1,1
DA:2,1
DA:3,1
DA:4,1
LF:4
LH:4
BRF:0
BRH:0
end_of_record
TN:
SF:/Users/dhruvparmar/code/g2i/trivia/source/reducers/activeQuiz.js
FN:9,(anonymous_0)
FN:25,(anonymous_1)
FNF:2
FNH:2
FNDA:5,(anonymous_0)
FNDA:2,(anonymous_1)
DA:7,1
DA:10,5
DA:12,1
DA:18,1
DA:21,3
DA:22,3
DA:26,2
DA:37,0
LF:8
LH:7
BRDA:9,0,0,0
BRDA:10,1,0,1
BRDA:10,1,1,1
BRDA:10,1,2,3
BRDA:10,1,3,0
BRDA:22,2,0,2
BRDA:22,2,1,1
BRDA:22,3,0,3
BRDA:22,3,1,3
BRDA:22,3,2,2
BRDA:26,4,0,1
BRDA:26,4,1,1
BRF:12
BRH:10
end_of_record
TN:
SF:/Users/dhruvparmar/code/g2i/trivia/source/reducers/history.js
FN:9,(anonymous_0)
FNF:1
FNH:1
FNDA:2,(anonymous_0)
DA:5,1
DA:10,2
DA:12,2
DA:23,0
LF:4
LH:3
BRDA:9,0,0,0
BRDA:10,1,0,2
BRDA:10,1,1,0
BRDA:12,2,0,1
BRDA:12,2,1,1
BRDA:12,3,0,2
BRDA:12,3,1,2
BRF:7
BRH:5
end_of_record
TN:
SF:/Users/dhruvparmar/code/g2i/trivia/source/reducers/onboarding.js
FN:7,(anonymous_0)
FNF:1
FNH:1
FNDA:1,(anonymous_0)
DA:3,1
DA:8,1
DA:10,1
DA:15,0
LF:4
LH:3
BRDA:7,0,0,0
BRDA:8,1,0,1
BRDA:8,1,1,0
BRF:3
BRH:1
end_of_record
TN:
SF:/Users/dhruvparmar/code/g2i/trivia/source/reducers/quizBank.js
FN:13,(anonymous_0)
FN:37,(anonymous_1)
FNF:2
FNH:2
FNDA:5,(anonymous_0)
FNDA:1,(anonymous_1)
DA:8,1
DA:14,5
DA:16,1
DA:22,1
DA:28,2
DA:34,1
DA:37,1
DA:42,0
LF:8
LH:7
BRDA:13,0,0,0
BRDA:14,1,0,1
BRDA:14,1,1,1
BRDA:14,1,2,2
BRDA:14,1,3,1
BRDA:14,1,4,0
BRDA:34,2,0,1
BRDA:34,2,1,0
BRF:8
BRH:5
end_of_record
TN:
SF:/Users/dhruvparmar/code/g2i/trivia/source/utils/quiz.js
FN:1,isQuizComplete
FN:4,(anonymous_1)
FN:10,getFirstUnansweredQuestion
FN:13,(anonymous_3)
FN:19,isAnswerCorrect
FN:34,getQuizScore
FN:41,(anonymous_6)
FN:52,formatQuizScore
FNF:8
FNH:2
FNDA:2,isQuizComplete
FNDA:2,(anonymous_1)
FNDA:0,getFirstUnansweredQuestion
FNDA:0,(anonymous_3)
FNDA:0,isAnswerCorrect
FNDA:0,getQuizScore
FNDA:0,(anonymous_6)
FNDA:0,formatQuizScore
DA:2,2
DA:4,2
DA:11,0
DA:13,0
DA:20,0
DA:21,0
DA:22,0
DA:23,0
DA:26,0
DA:28,0
DA:30,0
DA:35,0
DA:36,0
DA:39,0
DA:40,0
DA:42,0
DA:46,0
DA:53,0
LF:18
LH:2
BRDA:2,0,0,2
BRDA:2,0,1,0
BRDA:4,1,0,2
BRDA:4,1,1,2
BRDA:11,2,0,0
BRDA:11,2,1,0
BRDA:13,3,0,0
BRDA:13,3,1,0
BRDA:13,4,0,0
BRDA:13,4,1,0
BRDA:19,5,0,0
BRDA:19,6,0,0
BRDA:22,7,0,0
BRDA:22,7,1,0
BRDA:22,8,0,0
BRDA:22,8,1,0
BRDA:26,9,0,0
BRDA:26,9,1,0
BRDA:35,10,0,0
BRDA:35,10,1,0
BRDA:42,11,0,0
BRDA:42,11,1,0
BRF:22
BRH:3
end_of_record
